app/build/outputs/logs/manifest-merger-debug-report.txt
-- Merging decision tree log ---
manifest
ADDED from src\main\AndroidManifest.xml:2:1-214:12
	package
		ADDED from src\main\AndroidManifest.xml:3:5-38
		INJECTED from src\main\AndroidManifest.xml
		INJECTED from src\main\AndroidManifest.xml
	android:versionName
		ADDED from src\main\AndroidManifest.xml:5:5-30
		INJECTED from src\main\AndroidManifest.xml
		INJECTED from src\main\AndroidManifest.xml
	android:versionCode
		ADDED from src\main\AndroidManifest.xml:4:5-28
		INJECTED from src\main\AndroidManifest.xml
		INJECTED from src\main\AndroidManifest.xml
	xmlns:android
		ADDED from src\main\AndroidManifest.xml:2:11-69
uses-sdk
ADDED from src\main\AndroidManifest.xml:7:5-9:41
MERGED from [com.android.support:support-v4:23.1.1] AndroidManifest.xml:20:5-43
	android:targetSdkVersion
		ADDED from src\main\AndroidManifest.xml:9:9-38
		INJECTED from src\main\AndroidManifest.xml
		INJECTED from src\main\AndroidManifest.xml
	android:minSdkVersion
		ADDED from src\main\AndroidManifest.xml:8:9-35
		INJECTED from src\main\AndroidManifest.xml
		INJECTED from src\main\AndroidManifest.xml
uses-permission#android.permission.ACCESS_COARSE_LOCATION
ADDED from src\main\AndroidManifest.xml:12:5-81
	android:name
		ADDED from src\main\AndroidManifest.xml:12:22-78
uses-permission#android.permission.ACCESS_FINE_LOCATION
ADDED from src\main\AndroidManifest.xml:14:5-79
	android:name
		ADDED from src\main\AndroidManifest.xml:14:22-76
uses-permission#android.permission.ACCESS_WIFI_STATE
ADDED from src\main\AndroidManifest.xml:16:5-76
	android:name
		ADDED from src\main\AndroidManifest.xml:16:22-73
uses-permission#android.permission.ACCESS_NETWORK_STATE
ADDED from src\main\AndroidManifest.xml:18:5-79
	android:name
		ADDED from src\main\AndroidManifest.xml:18:22-76
uses-permission#android.permission.CHANGE_WIFI_STATE
ADDED from src\main\AndroidManifest.xml:20:5-76
	android:name
		ADDED from src\main\AndroidManifest.xml:20:22-73
uses-permission#android.permission.BLUETOOTH
ADDED from src\main\AndroidManifest.xml:22:5-68
	android:name
		ADDED from src\main\AndroidManifest.xml:22:22-65
uses-permission#android.permission.BLUETOOTH_ADMIN
ADDED from src\main\AndroidManifest.xml:24:5-74
	android:name
		ADDED from src\main\AndroidManifest.xml:24:22-71
uses-permission#android.permission.READ_PHONE_STATE
ADDED from src\main\AndroidManifest.xml:26:5-75
	android:name
		ADDED from src\main\AndroidManifest.xml:26:22-72
uses-permission#android.permission.WRITE_EXTERNAL_STORAGE
ADDED from src\main\AndroidManifest.xml:28:5-81
	android:name
		ADDED from src\main\AndroidManifest.xml:28:22-78
uses-permission#android.permission.INTERNET
ADDED from src\main\AndroidManifest.xml:30:5-67
	android:name
		ADDED from src\main\AndroidManifest.xml:30:22-64
uses-permission#android.permission.MOUNT_UNMOUNT_FILESYSTEMS
ADDED from src\main\AndroidManifest.xml:32:5-84
	android:name
		ADDED from src\main\AndroidManifest.xml:32:22-81
uses-permission#android.permission.READ_LOGS
ADDED from src\main\AndroidManifest.xml:34:5-68
	android:name
		ADDED from src\main\AndroidManifest.xml:34:22-65
uses-permission#android.permission.VIBRATE
ADDED from src\main\AndroidManifest.xml:36:5-66
	android:name
		ADDED from src\main\AndroidManifest.xml:36:22-63
uses-permission#android.permission.WAKE_LOCK
ADDED from src\main\AndroidManifest.xml:38:5-68
	android:name
		ADDED from src\main\AndroidManifest.xml:38:22-65
uses-permission#android.permission.WRITE_SETTINGS
ADDED from src\main\AndroidManifest.xml:40:5-73
	android:name
		ADDED from src\main\AndroidManifest.xml:40:22-70
uses-permission#android.permission.RECEIVE_BOOT_COMPLETED
ADDED from src\main\AndroidManifest.xml:49:5-81
	android:name
		ADDED from src\main\AndroidManifest.xml:49:22-78
uses-permission#android.permission.GET_TASKS
ADDED from src\main\AndroidManifest.xml:52:5-68
	android:name
		ADDED from src\main\AndroidManifest.xml:52:22-65
uses-permission#android.permission.SYSTEM_ALERT_WINDOW
ADDED from src\main\AndroidManifest.xml:60:5-78
	android:name
		ADDED from src\main\AndroidManifest.xml:60:22-75
uses-permission#getui.permission.GetuiService.com.example.androidtest
ADDED from src\main\AndroidManifest.xml:62:5-93
	android:name
		ADDED from src\main\AndroidManifest.xml:62:22-90
permission#getui.permission.GetuiService.com.example.androidtest
ADDED from src\main\AndroidManifest.xml:63:5-66:18
	android:protectionLevel
		ADDED from src\main\AndroidManifest.xml:65:9-41
	android:name
		ADDED from src\main\AndroidManifest.xml:64:9-77
application
ADDED from src\main\AndroidManifest.xml:69:5-212:19
MERGED from [com.android.support:support-v4:23.1.1] AndroidManifest.xml:22:5-20
	android:label
		ADDED from src\main\AndroidManifest.xml:73:9-41
	android:allowBackup
		ADDED from src\main\AndroidManifest.xml:71:9-35
	android:icon
		ADDED from src\main\AndroidManifest.xml:72:9-45
	android:theme
		ADDED from src\main\AndroidManifest.xml:74:9-40
	android:name
		ADDED from src\main\AndroidManifest.xml:70:9-66
meta-data#com.example.androidtest.glide.GlideConfiguration
ADDED from src\main\AndroidManifest.xml:80:9-82:43
	android:value
		ADDED from src\main\AndroidManifest.xml:82:13-40
	android:name
		ADDED from src\main\AndroidManifest.xml:81:13-76
meta-data#com.baidu.lbsapi.API_KEY
ADDED from src\main\AndroidManifest.xml:85:9-87:56
	android:value
		ADDED from src\main\AndroidManifest.xml:87:13-53
	android:name
		ADDED from src\main\AndroidManifest.xml:86:13-52
service#com.baidu.trace.LBSTraceService
ADDED from src\main\AndroidManifest.xml:89:9-93:19
	android:enabled
		ADDED from src\main\AndroidManifest.xml:91:13-35
	android:exported
		ADDED from src\main\AndroidManifest.xml:92:13-36
	android:name
		ADDED from src\main\AndroidManifest.xml:90:13-59
meta-data#PUSH_APPID
ADDED from src\main\AndroidManifest.xml:97:9-99:54
	android:value
		ADDED from src\main\AndroidManifest.xml:99:13-51
	android:name
		ADDED from src\main\AndroidManifest.xml:98:13-38
meta-data#PUSH_APPKEY
ADDED from src\main\AndroidManifest.xml:100:9-102:54
	android:value
		ADDED from src\main\AndroidManifest.xml:102:13-51
	android:name
		ADDED from src\main\AndroidManifest.xml:101:13-39
meta-data#PUSH_APPSECRET
ADDED from src\main\AndroidManifest.xml:103:9-105:53
	android:value
		ADDED from src\main\AndroidManifest.xml:105:13-50
	android:name
		ADDED from src\main\AndroidManifest.xml:104:13-42
service#com.igexin.sdk.PushService
ADDED from src\main\AndroidManifest.xml:107:9-111:46
	android:process
		ADDED from src\main\AndroidManifest.xml:111:13-43
	android:label
		ADDED from src\main\AndroidManifest.xml:110:13-47
	android:exported
		ADDED from src\main\AndroidManifest.xml:109:13-36
	android:name
		ADDED from src\main\AndroidManifest.xml:108:13-54
service#com.igexin.sdk.PushServiceUser
ADDED from src\main\AndroidManifest.xml:112:9-115:54
	android:label
		ADDED from src\main\AndroidManifest.xml:115:13-51
	android:exported
		ADDED from src\main\AndroidManifest.xml:114:13-36
	android:name
		ADDED from src\main\AndroidManifest.xml:113:13-58
receiver#com.igexin.sdk.PushReceiver
ADDED from src\main\AndroidManifest.xml:117:9-128:20
	android:name
		ADDED from src\main\AndroidManifest.xml:117:19-61
intent-filter#android.intent.action.ACTION_POWER_CONNECTED+android.intent.action.ACTION_POWER_DISCONNECTED+android.intent.action.BOOT_COMPLETED+android.intent.action.MEDIA_MOUNTED+android.intent.action.USER_PRESENT+android.net.conn.CONNECTIVITY_CHANGE+com.igexin.sdk.action.refreshls
ADDED from src\main\AndroidManifest.xml:118:13-127:29
action#android.intent.action.BOOT_COMPLETED
ADDED from src\main\AndroidManifest.xml:119:17-79
	android:name
		ADDED from src\main\AndroidManifest.xml:119:25-76
action#android.net.conn.CONNECTIVITY_CHANGE
ADDED from src\main\AndroidManifest.xml:120:17-79
	android:name
		ADDED from src\main\AndroidManifest.xml:120:25-76
action#android.intent.action.USER_PRESENT
ADDED from src\main\AndroidManifest.xml:121:17-77
	android:name
		ADDED from src\main\AndroidManifest.xml:121:25-74
action#com.igexin.sdk.action.refreshls
ADDED from src\main\AndroidManifest.xml:122:17-74
	android:name
		ADDED from src\main\AndroidManifest.xml:122:25-71
action#android.intent.action.MEDIA_MOUNTED
ADDED from src\main\AndroidManifest.xml:124:17-78
	android:name
		ADDED from src\main\AndroidManifest.xml:124:25-75
action#android.intent.action.ACTION_POWER_CONNECTED
ADDED from src\main\AndroidManifest.xml:125:17-87
	android:name
		ADDED from src\main\AndroidManifest.xml:125:25-84
action#android.intent.action.ACTION_POWER_DISCONNECTED
ADDED from src\main\AndroidManifest.xml:126:17-90
	android:name
		ADDED from src\main\AndroidManifest.xml:126:25-87
receiver#com.igexin.sdk.PushManagerReceiver
ADDED from src\main\AndroidManifest.xml:129:9-135:20
	android:exported
		ADDED from src\main\AndroidManifest.xml:131:13-37
	android:name
		ADDED from src\main\AndroidManifest.xml:130:13-62
intent-filter#com.igexin.sdk.action.pushmanager
ADDED from src\main\AndroidManifest.xml:132:13-134:29
action#com.igexin.sdk.action.pushmanager
ADDED from src\main\AndroidManifest.xml:133:17-76
	android:name
		ADDED from src\main\AndroidManifest.xml:133:25-73
activity#com.igexin.sdk.PushActivity
ADDED from src\main\AndroidManifest.xml:137:9-143:75
	android:process
		ADDED from src\main\AndroidManifest.xml:141:13-43
	android:excludeFromRecents
		ADDED from src\main\AndroidManifest.xml:139:13-46
	android:exported
		ADDED from src\main\AndroidManifest.xml:140:13-37
	android:theme
		ADDED from src\main\AndroidManifest.xml:143:13-72
	android:taskAffinity
		ADDED from src\main\AndroidManifest.xml:142:13-67
	android:name
		ADDED from src\main\AndroidManifest.xml:138:13-55
activity#com.igexin.sdk.GActivity
ADDED from src\main\AndroidManifest.xml:144:9-150:75
	android:process
		ADDED from src\main\AndroidManifest.xml:148:13-43
	android:excludeFromRecents
		ADDED from src\main\AndroidManifest.xml:146:13-46
	android:exported
		ADDED from src\main\AndroidManifest.xml:147:13-36
	android:theme
		ADDED from src\main\AndroidManifest.xml:150:13-72
	android:taskAffinity
		ADDED from src\main\AndroidManifest.xml:149:13-67
	android:name
		ADDED from src\main\AndroidManifest.xml:145:13-52
service#com.igexin.download.DownloadService
ADDED from src\main\AndroidManifest.xml:152:9-154:46
	android:process
		ADDED from src\main\AndroidManifest.xml:154:13-43
	android:name
		ADDED from src\main\AndroidManifest.xml:153:13-63
receiver#com.igexin.download.DownloadReceiver
ADDED from src\main\AndroidManifest.xml:156:9-160:20
	android:name
		ADDED from src\main\AndroidManifest.xml:156:19-70
intent-filter#android.net.conn.CONNECTIVITY_CHANGE
ADDED from src\main\AndroidManifest.xml:157:13-159:29
provider#com.igexin.download.DownloadProvider
ADDED from src\main\AndroidManifest.xml:162:9-166:46
	android:authorities
		ADDED from src\main\AndroidManifest.xml:164:13-68
	android:process
		ADDED from src\main\AndroidManifest.xml:166:13-43
	android:exported
		ADDED from src\main\AndroidManifest.xml:165:13-36
	android:name
		ADDED from src\main\AndroidManifest.xml:163:13-64
activity#com.igexin.getuiext.activity.GetuiExtActivity
ADDED from src\main\AndroidManifest.xml:168:9-175:75
	android:process
		ADDED from src\main\AndroidManifest.xml:173:13-43
	android:excludeFromRecents
		ADDED from src\main\AndroidManifest.xml:171:13-46
	android:exported
		ADDED from src\main\AndroidManifest.xml:172:13-37
	android:configChanges
		ADDED from src\main\AndroidManifest.xml:170:13-72
	android:theme
		ADDED from src\main\AndroidManifest.xml:175:13-72
	android:taskAffinity
		ADDED from src\main\AndroidManifest.xml:174:13-62
	android:name
		ADDED from src\main\AndroidManifest.xml:169:13-73
receiver#com.igexin.getuiext.service.PayloadReceiver
ADDED from src\main\AndroidManifest.xml:177:9-184:20
	android:exported
		ADDED from src\main\AndroidManifest.xml:179:13-37
	android:name
		ADDED from src\main\AndroidManifest.xml:178:13-71
intent-filter#com.igexin.sdk.action.7fjUl2Z3LH6xYy7NQK4ni4+com.igexin.sdk.action.vSeqzmbPWcAS1GWbGxLrxA
ADDED from src\main\AndroidManifest.xml:180:13-183:29
action#com.igexin.sdk.action.7fjUl2Z3LH6xYy7NQK4ni4
ADDED from src\main\AndroidManifest.xml:181:17-87
	android:name
		ADDED from src\main\AndroidManifest.xml:181:25-84
action#com.igexin.sdk.action.vSeqzmbPWcAS1GWbGxLrxA
ADDED from src\main\AndroidManifest.xml:182:17-87
	android:name
		ADDED from src\main\AndroidManifest.xml:182:25-84
service#com.igexin.getuiext.service.GetuiExtService
ADDED from src\main\AndroidManifest.xml:186:9-188:46
	android:process
		ADDED from src\main\AndroidManifest.xml:188:13-43
	android:name
		ADDED from src\main\AndroidManifest.xml:187:13-71
receiver#com.example.androidtest.receiver.PushDemoReceiver
ADDED from src\main\AndroidManifest.xml:193:9-201:20
	android:exported
		ADDED from src\main\AndroidManifest.xml:195:13-37
	android:name
		ADDED from src\main\AndroidManifest.xml:194:13-77
intent-filter#com.igexin.sdk.action.vSeqzmbPWcAS1GWbGxLrxA
ADDED from src\main\AndroidManifest.xml:196:13-200:29
activity#com.example.androidtest.activity.GeTuiAty
ADDED from src\main\AndroidManifest.xml:203:9-211:20
	android:label
		ADDED from src\main\AndroidManifest.xml:205:13-45
	android:name
		ADDED from src\main\AndroidManifest.xml:204:13-69
intent-filter#android.intent.action.MAIN+android.intent.category.LAUNCHER
ADDED from src\main\AndroidManifest.xml:206:13-210:29
action#android.intent.action.MAIN
ADDED from src\main\AndroidManifest.xml:207:17-69
	android:name
		ADDED from src\main\AndroidManifest.xml:207:25-66
category#android.intent.category.LAUNCHER
ADDED from src\main\AndroidManifest.xml:209:17-77
	android:name
		ADDED from src\main\AndroidManifest.xml:209:27-74